Crashlog created at 2018-06-16 15:22:24 +0200

===== MESSAGE:

RuntimeError: Build Error

===== ITEM BEING COMPILED:

Current item: /cv.md (:pdf representation)

===== STACK TRACE:

  18. from /home/robbe/.gem/ruby/2.5.0/gems/nanoc-4.9.3/lib/nanoc/base/services/compiler/phases/resume.rb:41:in `block in fiber_for'
  17. from /home/robbe/.gem/ruby/2.5.0/gems/nanoc-4.9.3/lib/nanoc/base/services/compiler/phases/resume.rb:14:in `block in run'
  16. from /home/robbe/.gem/ruby/2.5.0/gems/nanoc-4.9.3/lib/nanoc/base/services/compiler/phases/abstract.rb:23:in `block in call'
  15. from /home/robbe/.gem/ruby/2.5.0/gems/nanoc-4.9.3/lib/nanoc/base/services/compiler/phases/abstract.rb:21:in `call'
  14. from /home/robbe/.gem/ruby/2.5.0/gems/nanoc-4.9.3/lib/nanoc/base/services/compiler/phases/cache.rb:23:in `run'
  13. from /home/robbe/.gem/ruby/2.5.0/gems/nanoc-4.9.3/lib/nanoc/base/services/compiler/phases/abstract.rb:23:in `block in call'
  12. from /home/robbe/.gem/ruby/2.5.0/gems/nanoc-4.9.3/lib/nanoc/base/services/compiler/phases/abstract.rb:21:in `call'
  11. from /home/robbe/.gem/ruby/2.5.0/gems/nanoc-4.9.3/lib/nanoc/base/services/compiler/phases/recalculate.rb:27:in `run'
  10. from /home/robbe/.gem/ruby/2.5.0/gems/nanoc-4.9.3/lib/nanoc/base/entities/action_sequence.rb:50:in `each'
  9. from /home/robbe/.gem/ruby/2.5.0/gems/nanoc-4.9.3/lib/nanoc/base/entities/action_sequence.rb:50:in `each'
  8. from /home/robbe/.gem/ruby/2.5.0/gems/nanoc-4.9.3/lib/nanoc/base/entities/action_sequence.rb:50:in `block in each'
  7. from /home/robbe/.gem/ruby/2.5.0/gems/nanoc-4.9.3/lib/nanoc/base/services/compiler/phases/recalculate.rb:30:in `block in run'
  6. from /home/robbe/.gem/ruby/2.5.0/gems/nanoc-4.9.3/lib/nanoc/base/services/executor.rb:22:in `filter'
  5. from /home/robbe/.gem/ruby/2.5.0/gems/nanoc-4.9.3/lib/nanoc/base/services/filter.rb:157:in `setup_and_run'
  4. from /usr/lib/ruby/gems/2.5.0/gems/nanoc-latexmk-0.1.1/lib/nanoc/latexmk/filters/latexmk.rb:41:in `run'
  3. from /usr/lib/ruby/2.5.0/tmpdir.rb:89:in `mktmpdir'
  2. from /usr/lib/ruby/gems/2.5.0/gems/nanoc-latexmk-0.1.1/lib/nanoc/latexmk/filters/latexmk.rb:42:in `block in run'
  1. from /usr/lib/ruby/gems/2.5.0/gems/nanoc-latexmk-0.1.1/lib/nanoc/latexmk/filters/latexmk.rb:42:in `open'
  /usr/lib/ruby/gems/2.5.0/gems/nanoc-latexmk-0.1.1/lib/nanoc/latexmk/filters/latexmk.rb:52:in `block (2 levels) in run'

===== VERSION INFORMATION:

Nanoc 4.9.3 © 2007-2018 Denis Defreyne.
Running ruby 2.5.1 (2018-03-29) on x86_64-linux with RubyGems 2.7.7.

===== SYSTEM INFORMATION:

Linux Boogh 4.16.11-1-ARCH #1 SMP PREEMPT Tue May 22 21:40:27 UTC 2018 x86_64 GNU/Linux

===== INSTALLED GEMS:

  actioncable 5.2.0
  actionmailer 5.2.0
  actionpack 5.2.0
  actionview 5.2.0
  activejob 5.2.0
  activemodel 5.2.0
  activerecord 5.2.0
  activestorage 5.2.0
  activesupport 5.2.0
  addressable 2.5.2
  adsf 1.4.1
  airbrake 7.3.3
  airbrake-ruby 2.10.0
  airbrussh 1.3.0
  annotate 2.7.4
  arel 9.0.0
  autoprefixer-rails 8.6.2
  babel-source 5.8.35
  babel-transpiler 0.7.0
  bcrypt 3.1.12
  bigdecimal 1.3.4
  binding_of_caller 0.8.0
  bootstrap-sass 3.3.7
  builder 3.2.3
  bundler 1.16.2
  byebug 10.0.2
  cancancan 2.2.0
  capistrano 3.11.0
  capistrano-bundler 1.3.0
  capistrano-passenger 0.2.0
  capistrano-rails 1.4.0
  capistrano-rbenv 2.1.3
  chartkick 2.3.4
  cmath 1.0.0
  coderay 1.1.2
  coffee-rails 4.2.2
  coffee-script 2.4.1
  coffee-script-source 1.12.2
  colored 1.2
  concurrent-ruby 1.0.5
  connection_pool 2.2.2
  coveralls 0.8.21
  crass 1.0.4
  cri 2.10.1
  csv 1.0.0
  date 1.0.0
  dbm 1.0.0
  ddmemoize 1.0.0
  ddmetrics 1.0.0
  ddplugin 1.0.2
  debug_inspector 0.0.3
  devise 4.4.3
  diff-lcs 1.3
  docile 1.1.5
  em-websocket 0.5.1
  erubi 1.7.1
  erubis 2.7.0
  etc 1.0.0
  eventmachine 1.2.7
  execjs 2.7.0
  factory_girl 4.9.0
  factory_girl_rails 4.9.0
  faker 1.8.7
  faraday 0.12.2
  fcntl 1.0.0
  ffi 1.9.25
  fiddle 1.0.0
  fileutils 1.0.2
  formatador 0.2.5
  friendly_id 5.1.0
  gdbm 2.0.0
  globalid 0.4.1
  guard 2.14.2
  guard-compat 1.2.1
  guard-livereload 2.5.2
  guard-nanoc 2.1.2
  haml 4.0.7
  haml-rails 0.9.0
  hamster 3.0.0
  hashie 3.5.7
  high_voltage 2.4.0
  html2haml 2.2.0
  http_parser.rb 0.6.0
  i18n 1.0.1
  io-console 0.4.6
  ipaddr 1.2.0
  jbuilder 2.7.0
  jquery-datatables-rails 3.4.0
  jquery-rails 4.3.3
  json 1.8.6, 2.1.0
  jwt 1.5.6
  kramdown 1.17.0
  libv8 3.16.14.19
  listen 3.1.5
  lolcat 99.9.11
  loofah 2.2.2
  lumberjack 1.0.13
  mail 2.7.0
  manpages 0.6.1
  marcel 0.3.2
  method_source 0.9.0
  mimemagic 0.3.2
  mini_mime 1.0.0
  mini_portile2 2.3.0
  minitest 5.11.3
  multi_json 1.13.1
  multi_xml 0.6.0
  multipart-post 2.0.0
  mysql2 0.3.21
  nanoc 4.9.3
  nanoc-latexmk 0.1.1
  nenv 0.3.0
  net-scp 1.2.1
  net-ssh 5.0.1
  nio4r 2.3.1
  nokogiri 1.8.2
  notiffany 0.1.1
  oauth2 1.4.0
  omniauth 1.8.1
  omniauth-oauth2 1.5.0
  openssl 2.1.0
  orm_adapter 0.5.0
  paint 2.0.1
  parallel 1.12.1
  pry 0.11.3
  psych 3.0.2
  public_suffix 3.0.2
  purecss-rails 0.6.1
  rack 2.0.5
  rack-test 1.0.0
  rails 5.2.0
  rails-dom-testing 2.0.3
  rails-html-sanitizer 1.0.4
  railties 5.2.0
  rake 12.3.1
  rb-fsevent 0.10.3
  rb-inotify 0.9.10
  rdoc 4.3.0
  react-rails 2.4.4
  ref 2.0.0
  responders 2.4.0
  rolify 5.2.0
  rspec-core 3.7.1
  rspec-expectations 3.7.0
  rspec-mocks 3.7.0
  rspec-rails 3.7.2
  rspec-support 3.7.1
  ruby-dbus 0.15.0
  ruby_dep 1.5.0
  ruby_parser 3.11.0
  sass 3.5.6
  sass-listen 4.0.0
  sass-rails 5.0.7
  scanf 1.0.0
  sdbm 1.0.0
  sdoc 0.4.2
  select2-rails 4.0.3
  sexp_processor 4.11.0
  shellany 0.0.1
  simplecov 0.14.1
  simplecov-html 0.10.2
  slim 3.0.9
  slow_enumerator_tools 1.1.0
  spring 2.0.2
  sprockets 3.7.1
  sprockets-rails 3.2.1
  sqlite3 1.3.13
  sshkit 1.16.1
  stringio 0.0.1
  strscan 1.0.0
  temple 0.8.0
  term-ansicolor 1.6.0
  therubyracer 0.12.3
  thor 0.19.4, 0.20.0
  thread_safe 0.3.6
  tilt 2.0.8
  tins 1.16.3
  tomlrb 1.2.7
  trollop 2.1.2
  turbolinks 5.1.1
  turbolinks-source 5.1.0
  tzinfo 1.2.5
  uglifier 4.1.11
  warden 1.2.7
  web-console 2.3.0
  webrick 1.4.2
  websocket-driver 0.7.0
  websocket-extensions 0.1.3
  yard 0.9.14
  zlib 1.0.0

===== GEMFILE.LOCK:

GEM
  remote: https://rubygems.org/
  specs:
    addressable (2.5.2)
      public_suffix (>= 2.0.2, < 4.0)
    adsf (1.4.1)
      rack (>= 1.0.0, < 3.0.0)
    autoprefixer-rails (8.6.2)
      execjs
    byebug (10.0.2)
    coderay (1.1.2)
    colored (1.2)
    concurrent-ruby (1.0.5)
    cri (2.10.1)
      colored (~> 1.2)
    ddmemoize (1.0.0)
      ddmetrics (~> 1.0)
      ref (~> 2.0)
    ddmetrics (1.0.0)
    ddplugin (1.0.2)
    em-websocket (0.5.1)
      eventmachine (>= 0.12.9)
      http_parser.rb (~> 0.6.0)
    eventmachine (1.2.7)
    execjs (2.7.0)
    ffi (1.9.25)
    formatador (0.2.5)
    guard (2.14.2)
      formatador (>= 0.2.4)
      listen (>= 2.7, < 4.0)
      lumberjack (>= 1.0.12, < 2.0)
      nenv (~> 0.1)
      notiffany (~> 0.0)
      pry (>= 0.9.12)
      shellany (~> 0.0)
      thor (>= 0.18.1)
    guard-compat (1.2.1)
    guard-livereload (2.5.2)
      em-websocket (~> 0.5)
      guard (~> 2.8)
      guard-compat (~> 1.0)
      multi_json (~> 1.8)
    guard-nanoc (2.1.2)
      guard (~> 2.8)
      guard-compat (~> 1.0)
      nanoc (>= 4.3.8, < 5.0)
    hamster (3.0.0)
      concurrent-ruby (~> 1.0)
    http_parser.rb (0.6.0)
    kramdown (1.17.0)
    libv8 (3.16.14.19)
    listen (3.1.5)
      rb-fsevent (~> 0.9, >= 0.9.4)
      rb-inotify (~> 0.9, >= 0.9.7)
      ruby_dep (~> 1.2)
    lumberjack (1.0.13)
    method_source (0.9.0)
    multi_json (1.13.1)
    nanoc (4.9.3)
      addressable (~> 2.5)
      cri (~> 2.8)
      ddmemoize (~> 1.0)
      ddmetrics (~> 1.0)
      ddplugin (~> 1.0)
      hamster (~> 3.0)
      parallel (~> 1.12)
      ref (~> 2.0)
      slow_enumerator_tools (~> 1.0)
      tomlrb (~> 1.2)
    nanoc-latexmk (0.1.1)
    nenv (0.3.0)
    notiffany (0.1.1)
      nenv (~> 0.1)
      shellany (~> 0.0)
    parallel (1.12.1)
    pry (0.11.3)
      coderay (~> 1.1.0)
      method_source (~> 0.9.0)
    public_suffix (3.0.2)
    rack (2.0.5)
    rb-fsevent (0.10.3)
    rb-inotify (0.9.10)
      ffi (>= 0.5.0, < 2)
    ref (2.0.0)
    ruby_dep (1.5.0)
    sass (3.5.6)
      sass-listen (~> 4.0.0)
    sass-listen (4.0.0)
      rb-fsevent (~> 0.9, >= 0.9.4)
      rb-inotify (~> 0.9, >= 0.9.7)
    shellany (0.0.1)
    slim (3.0.9)
      temple (>= 0.7.6, < 0.9)
      tilt (>= 1.3.3, < 2.1)
    slow_enumerator_tools (1.1.0)
    temple (0.8.0)
    therubyracer (0.12.3)
      libv8 (~> 3.16.14.15)
      ref
    thor (0.20.0)
    tilt (2.0.8)
    tomlrb (1.2.7)

PLATFORMS
  ruby

DEPENDENCIES
  adsf
  autoprefixer-rails
  byebug
  guard-livereload
  guard-nanoc
  kramdown
  nanoc
  nanoc-latexmk
  sass
  slim
  therubyracer

BUNDLED WITH
   1.16.2

===== LOAD PATHS:

  0. /home/robbe/.gem/ruby/2.5.0/gems/ref-2.0.0/lib
  1. /home/robbe/.gem/ruby/2.5.0/gems/public_suffix-3.0.2/lib
  2. /home/robbe/.gem/ruby/2.5.0/gems/addressable-2.5.2/lib
  3. /home/robbe/.gem/ruby/2.5.0/gems/colored-1.2/lib
  4. /home/robbe/.gem/ruby/2.5.0/gems/cri-2.10.1/lib
  5. /home/robbe/.gem/ruby/2.5.0/gems/ddmetrics-1.0.0/lib
  6. /home/robbe/.gem/ruby/2.5.0/gems/ref-2.0.0/lib
  7. /home/robbe/.gem/ruby/2.5.0/gems/ddmemoize-1.0.0/lib
  8. /home/robbe/.gem/ruby/2.5.0/gems/ddplugin-1.0.2/lib
  9. /usr/lib/ruby/gems/2.5.0/gems/concurrent-ruby-1.0.5/lib
  10. /home/robbe/.gem/ruby/2.5.0/gems/hamster-3.0.0/lib
  11. /home/robbe/.gem/ruby/2.5.0/gems/parallel-1.12.1/lib
  12. /home/robbe/.gem/ruby/2.5.0/gems/slow_enumerator_tools-1.1.0/lib
  13. /home/robbe/.gem/ruby/2.5.0/gems/tomlrb-1.2.7/lib
  14. /home/robbe/.gem/ruby/2.5.0/gems/nanoc-4.9.3/lib
  15. /usr/lib/ruby/gems/2.5.0/gems/libv8-3.16.14.19-x86_64-linux/lib
  16. /usr/lib/ruby/gems/2.5.0/gems/libv8-3.16.14.19-x86_64-linux/ext
  17. /usr/lib/ruby/gems/2.5.0/gems/therubyracer-0.12.3/lib
  18. /usr/lib/ruby/gems/2.5.0/gems/therubyracer-0.12.3/ext
  19. /usr/lib/ruby/gems/2.5.0/extensions/x86_64-linux/2.5.0/therubyracer-0.12.3
  20. /usr/lib/ruby/gems/2.5.0/gems/execjs-2.7.0/lib
  21. /usr/lib/ruby/gems/2.5.0/gems/autoprefixer-rails-8.6.2/lib
  22. /usr/lib/ruby/gems/2.5.0/gems/kramdown-1.17.0/lib
  23. /usr/lib/ruby/gems/2.5.0/gems/byebug-10.0.2/lib
  24. /usr/lib/ruby/gems/2.5.0/extensions/x86_64-linux/2.5.0/byebug-10.0.2
  25. /usr/lib/ruby/gems/2.5.0/gems/nanoc-latexmk-0.1.1/lib
  26. /usr/lib/ruby/gems/2.5.0/gems/temple-0.8.0/lib
  27. /usr/lib/ruby/gems/2.5.0/gems/tilt-2.0.8/lib
  28. /usr/lib/ruby/gems/2.5.0/gems/slim-3.0.9/lib
  29. /usr/lib/ruby/site_ruby/2.5.0
  30. /usr/lib/ruby/site_ruby/2.5.0/x86_64-linux
  31. /usr/lib/ruby/site_ruby
  32. /usr/lib/ruby/vendor_ruby/2.5.0
  33. /usr/lib/ruby/vendor_ruby/2.5.0/x86_64-linux
  34. /usr/lib/ruby/vendor_ruby
  35. /usr/lib/ruby/2.5.0
  36. /usr/lib/ruby/2.5.0/x86_64-linux
